<?xml version="1.0" encoding="UTF-8"?>
<!-- Generated by org.testng.reporters.JUnitReportReporter -->
<testsuite hostname="Tunu-PC" name="sample.ReverseString" tests="1" failures="0" timestamp="18 May 2018 19:15:39 GMT" time="0.007" errors="0">
  <testcase name="reverseTest" time="0.007" classname="sample.ReverseString"/>
</testsuite>
